This file contains any messages produced by compilers while
running configure, to aid debugging if configure makes a mistake.

It was created by tesseract configure 3.05.00dev, which was
generated by GNU Autoconf 2.69.  Invocation command line was

  $ ./configure 

## --------- ##
## Platform. ##
## --------- ##

hostname = Spryte
uname -m = x86_64
uname -r = 3.13.0-62-generic
uname -s = Linux
uname -v = #102-Ubuntu SMP Tue Aug 11 14:29:36 UTC 2015

/usr/bin/uname -p = unknown
/bin/uname -X     = unknown

/bin/arch              = unknown
/usr/bin/arch -k       = unknown
/usr/convex/getsysinfo = unknown
/usr/bin/hostinfo      = unknown
/bin/machine           = unknown
/usr/bin/oslevel       = unknown
/bin/universe          = unknown

PATH: /usr/local/sbin
PATH: /usr/local/bin
PATH: /usr/sbin
PATH: /usr/bin
PATH: /sbin
PATH: /bin
PATH: /usr/games
PATH: /usr/local/games


## ----------- ##
## Core tests. ##
## ----------- ##

configure:2819: checking for a BSD-compatible install
configure:2887: result: /usr/bin/install -c
configure:2898: checking whether build environment is sane
configure:2953: result: yes
configure:3104: checking for a thread-safe mkdir -p
configure:3143: result: /bin/mkdir -p
configure:3150: checking for gawk
configure:3180: result: no
configure:3150: checking for mawk
configure:3166: found /usr/bin/mawk
configure:3177: result: mawk
configure:3188: checking whether make sets $(MAKE)
configure:3210: result: yes
configure:3239: checking whether make supports nested variables
configure:3256: result: yes
configure:3384: checking whether to enable maintainer-specific portions of Makefiles
configure:3393: result: no
configure:3452: checking build system type
configure:3466: result: x86_64-unknown-linux-gnu
configure:3486: checking host system type
configure:3499: result: x86_64-unknown-linux-gnu
configure:3636: checking --enable-graphics argument
configure:3645: result: yes
configure:3662: checking whether to disable cube
configure:3671: result: no
configure:3687: checking --enable-embedded argument
configure:3696: result: no
configure:3732: checking for style of include used by make
configure:3760: result: GNU
configure:3831: checking for gcc
configure:3847: found /usr/bin/gcc
configure:3858: result: gcc
configure:4087: checking for C compiler version
configure:4096: gcc --version >&5
gcc (Ubuntu 4.8.4-2ubuntu1~14.04) 4.8.4
Copyright (C) 2013 Free Software Foundation, Inc.
This is free software; see the source for copying conditions.  There is NO
warranty; not even for MERCHANTABILITY or FITNESS FOR A PARTICULAR PURPOSE.

configure:4107: $? = 0
configure:4096: gcc -v >&5
Using built-in specs.
COLLECT_GCC=gcc
COLLECT_LTO_WRAPPER=/usr/lib/gcc/x86_64-linux-gnu/4.8/lto-wrapper
Target: x86_64-linux-gnu
Configured with: ../src/configure -v --with-pkgversion='Ubuntu 4.8.4-2ubuntu1~14.04' --with-bugurl=file:///usr/share/doc/gcc-4.8/README.Bugs --enable-languages=c,c++,java,go,d,fortran,objc,obj-c++ --prefix=/usr --program-suffix=-4.8 --enable-shared --enable-linker-build-id --libexecdir=/usr/lib --without-included-gettext --enable-threads=posix --with-gxx-include-dir=/usr/include/c++/4.8 --libdir=/usr/lib --enable-nls --with-sysroot=/ --enable-clocale=gnu --enable-libstdcxx-debug --enable-libstdcxx-time=yes --enable-gnu-unique-object --disable-libmudflap --enable-plugin --with-system-zlib --disable-browser-plugin --enable-java-awt=gtk --enable-gtk-cairo --with-java-home=/usr/lib/jvm/java-1.5.0-gcj-4.8-amd64/jre --enable-java-home --with-jvm-root-dir=/usr/lib/jvm/java-1.5.0-gcj-4.8-amd64 --with-jvm-jar-dir=/usr/lib/jvm-exports/java-1.5.0-gcj-4.8-amd64 --with-arch-directory=amd64 --with-ecj-jar=/usr/share/java/eclipse-ecj.jar --enable-objc-gc --enable-multiarch --disable-werror --with-arch-32=i686 --with-abi=m64 --with-multilib-list=m32,m64,mx32 --with-tune=generic --enable-checking=release --build=x86_64-linux-gnu --host=x86_64-linux-gnu --target=x86_64-linux-gnu
Thread model: posix
gcc version 4.8.4 (Ubuntu 4.8.4-2ubuntu1~14.04) 
configure:4107: $? = 0
configure:4096: gcc -V >&5
gcc: error: unrecognized command line option '-V'
gcc: fatal error: no input files
compilation terminated.
configure:4107: $? = 4
configure:4096: gcc -qversion >&5
gcc: error: unrecognized command line option '-qversion'
gcc: fatal error: no input files
compilation terminated.
configure:4107: $? = 4
configure:4127: checking whether the C compiler works
configure:4149: gcc    conftest.c  >&5
configure:4153: $? = 0
configure:4201: result: yes
configure:4204: checking for C compiler default output file name
configure:4206: result: a.out
configure:4212: checking for suffix of executables
configure:4219: gcc -o conftest    conftest.c  >&5
configure:4223: $? = 0
configure:4245: result: 
configure:4267: checking whether we are cross compiling
configure:4275: gcc -o conftest    conftest.c  >&5
configure:4279: $? = 0
configure:4286: ./conftest
configure:4290: $? = 0
configure:4305: result: no
configure:4310: checking for suffix of object files
configure:4332: gcc -c   conftest.c >&5
configure:4336: $? = 0
configure:4357: result: o
configure:4361: checking whether we are using the GNU C compiler
configure:4380: gcc -c   conftest.c >&5
configure:4380: $? = 0
configure:4389: result: yes
configure:4398: checking whether gcc accepts -g
configure:4418: gcc -c -g  conftest.c >&5
configure:4418: $? = 0
configure:4459: result: yes
configure:4476: checking for gcc option to accept ISO C89
configure:4539: gcc  -c -g -O2  conftest.c >&5
configure:4539: $? = 0
configure:4552: result: none needed
configure:4577: checking whether gcc understands -c and -o together
configure:4599: gcc -c conftest.c -o conftest2.o
configure:4602: $? = 0
configure:4599: gcc -c conftest.c -o conftest2.o
configure:4602: $? = 0
configure:4614: result: yes
configure:4633: checking dependency style of gcc
configure:4744: result: gcc3
configure:4768: checking for gcc option to support OpenMP
configure:4783: gcc -o conftest -g -O2   conftest.c  >&5
conftest.c:18:2: error: unknown type name 'choke'
  choke me
  ^
In file included from conftest.c:20:0:
/usr/lib/gcc/x86_64-linux-gnu/4.8/include/omp.h:34:1: error: expected '=', ',', ';', 'asm' or '__attribute__' before 'typedef'
 typedef struct
 ^
configure:4783: $? = 1
configure: failed program was:
| /* confdefs.h */
| #define PACKAGE_NAME "tesseract"
| #define PACKAGE_TARNAME "tesseract"
| #define PACKAGE_VERSION "3.05.00dev"
| #define PACKAGE_STRING "tesseract 3.05.00dev"
| #define PACKAGE_BUGREPORT "https://github.com/tesseract-ocr/tesseract/issues"
| #define PACKAGE_URL ""
| #define GIT_REV "3.05.00dev-34-g252d9a4"
| #define PACKAGE_NAME "tesseract"
| #define PACKAGE_VERSION "3.05.00dev"
| #define PACKAGE_YEAR "2015"
| #define PACKAGE_DATE "07/11"
| #define PACKAGE "tesseract"
| #define VERSION "3.05.00dev"
| /* end confdefs.h.  */
| 
| #ifndef _OPENMP
|  choke me
| #endif
| #include <omp.h>
| int main () { return omp_get_num_threads (); }
| 
configure:4801: gcc -o conftest -g -O2 -fopenmp   conftest.c  >&5
configure:4801: $? = 0
configure:4815: result: -fopenmp
configure:4845: checking --enable-opencl argument
configure:4854: result: no
configure:4863: checking how to run the C preprocessor
configure:4894: gcc -E  conftest.c
configure:4894: $? = 0
configure:4908: gcc -E  conftest.c
conftest.c:17:28: fatal error: ac_nonexistent.h: No such file or directory
 #include <ac_nonexistent.h>
                            ^
compilation terminated.
configure:4908: $? = 1
configure: failed program was:
| /* confdefs.h */
| #define PACKAGE_NAME "tesseract"
| #define PACKAGE_TARNAME "tesseract"
| #define PACKAGE_VERSION "3.05.00dev"
| #define PACKAGE_STRING "tesseract 3.05.00dev"
| #define PACKAGE_BUGREPORT "https://github.com/tesseract-ocr/tesseract/issues"
| #define PACKAGE_URL ""
| #define GIT_REV "3.05.00dev-34-g252d9a4"
| #define PACKAGE_NAME "tesseract"
| #define PACKAGE_VERSION "3.05.00dev"
| #define PACKAGE_YEAR "2015"
| #define PACKAGE_DATE "07/11"
| #define PACKAGE "tesseract"
| #define VERSION "3.05.00dev"
| #define OPENMP /**/
| /* end confdefs.h.  */
| #include <ac_nonexistent.h>
configure:4933: result: gcc -E
configure:4953: gcc -E  conftest.c
configure:4953: $? = 0
configure:4967: gcc -E  conftest.c
conftest.c:17:28: fatal error: ac_nonexistent.h: No such file or directory
 #include <ac_nonexistent.h>
                            ^
compilation terminated.
configure:4967: $? = 1
configure: failed program was:
| /* confdefs.h */
| #define PACKAGE_NAME "tesseract"
| #define PACKAGE_TARNAME "tesseract"
| #define PACKAGE_VERSION "3.05.00dev"
| #define PACKAGE_STRING "tesseract 3.05.00dev"
| #define PACKAGE_BUGREPORT "https://github.com/tesseract-ocr/tesseract/issues"
| #define PACKAGE_URL ""
| #define GIT_REV "3.05.00dev-34-g252d9a4"
| #define PACKAGE_NAME "tesseract"
| #define PACKAGE_VERSION "3.05.00dev"
| #define PACKAGE_YEAR "2015"
| #define PACKAGE_DATE "07/11"
| #define PACKAGE "tesseract"
| #define VERSION "3.05.00dev"
| #define OPENMP /**/
| /* end confdefs.h.  */
| #include <ac_nonexistent.h>
configure:4996: checking for grep that handles long lines and -e
configure:5054: result: /bin/grep
configure:5059: checking for egrep
configure:5121: result: /bin/grep -E
configure:5126: checking for ANSI C header files
configure:5146: gcc -c -g -O2  conftest.c >&5
configure:5146: $? = 0
configure:5219: gcc -o conftest -g -O2   conftest.c  >&5
configure:5219: $? = 0
configure:5219: ./conftest
configure:5219: $? = 0
configure:5230: result: yes
configure:5243: checking for sys/types.h
configure:5243: gcc -c -g -O2  conftest.c >&5
configure:5243: $? = 0
configure:5243: result: yes
configure:5243: checking for sys/stat.h
configure:5243: gcc -c -g -O2  conftest.c >&5
configure:5243: $? = 0
configure:5243: result: yes
configure:5243: checking for stdlib.h
configure:5243: gcc -c -g -O2  conftest.c >&5
configure:5243: $? = 0
configure:5243: result: yes
configure:5243: checking for string.h
configure:5243: gcc -c -g -O2  conftest.c >&5
configure:5243: $? = 0
configure:5243: result: yes
configure:5243: checking for memory.h
configure:5243: gcc -c -g -O2  conftest.c >&5
configure:5243: $? = 0
configure:5243: result: yes
configure:5243: checking for strings.h
configure:5243: gcc -c -g -O2  conftest.c >&5
configure:5243: $? = 0
configure:5243: result: yes
configure:5243: checking for inttypes.h
configure:5243: gcc -c -g -O2  conftest.c >&5
configure:5243: $? = 0
configure:5243: result: yes
configure:5243: checking for stdint.h
configure:5243: gcc -c -g -O2  conftest.c >&5
configure:5243: $? = 0
configure:5243: result: yes
configure:5243: checking for unistd.h
configure:5243: gcc -c -g -O2  conftest.c >&5
configure:5243: $? = 0
configure:5243: result: yes
configure:5257: checking CL/cl.h usability
configure:5257: gcc -c -g -O2  conftest.c >&5
conftest.c:60:19: fatal error: CL/cl.h: No such file or directory
 #include <CL/cl.h>
                   ^
compilation terminated.
configure:5257: $? = 1
configure: failed program was:
| /* confdefs.h */
| #define PACKAGE_NAME "tesseract"
| #define PACKAGE_TARNAME "tesseract"
| #define PACKAGE_VERSION "3.05.00dev"
| #define PACKAGE_STRING "tesseract 3.05.00dev"
| #define PACKAGE_BUGREPORT "https://github.com/tesseract-ocr/tesseract/issues"
| #define PACKAGE_URL ""
| #define GIT_REV "3.05.00dev-34-g252d9a4"
| #define PACKAGE_NAME "tesseract"
| #define PACKAGE_VERSION "3.05.00dev"
| #define PACKAGE_YEAR "2015"
| #define PACKAGE_DATE "07/11"
| #define PACKAGE "tesseract"
| #define VERSION "3.05.00dev"
| #define OPENMP /**/
| #define STDC_HEADERS 1
| #define HAVE_SYS_TYPES_H 1
| #define HAVE_SYS_STAT_H 1
| #define HAVE_STDLIB_H 1
| #define HAVE_STRING_H 1
| #define HAVE_MEMORY_H 1
| #define HAVE_STRINGS_H 1
| #define HAVE_INTTYPES_H 1
| #define HAVE_STDINT_H 1
| #define HAVE_UNISTD_H 1
| /* end confdefs.h.  */
| #include <stdio.h>
| #ifdef HAVE_SYS_TYPES_H
| # include <sys/types.h>
| #endif
| #ifdef HAVE_SYS_STAT_H
| # include <sys/stat.h>
| #endif
| #ifdef STDC_HEADERS
| # include <stdlib.h>
| # include <stddef.h>
| #else
| # ifdef HAVE_STDLIB_H
| #  include <stdlib.h>
| # endif
| #endif
| #ifdef HAVE_STRING_H
| # if !defined STDC_HEADERS && defined HAVE_MEMORY_H
| #  include <memory.h>
| # endif
| # include <string.h>
| #endif
| #ifdef HAVE_STRINGS_H
| # include <strings.h>
| #endif
| #ifdef HAVE_INTTYPES_H
| # include <inttypes.h>
| #endif
| #ifdef HAVE_STDINT_H
| # include <stdint.h>
| #endif
| #ifdef HAVE_UNISTD_H
| # include <unistd.h>
| #endif
| #include <CL/cl.h>
configure:5257: result: no
configure:5257: checking CL/cl.h presence
configure:5257: gcc -E  conftest.c
conftest.c:27:19: fatal error: CL/cl.h: No such file or directory
 #include <CL/cl.h>
                   ^
compilation terminated.
configure:5257: $? = 1
configure: failed program was:
| /* confdefs.h */
| #define PACKAGE_NAME "tesseract"
| #define PACKAGE_TARNAME "tesseract"
| #define PACKAGE_VERSION "3.05.00dev"
| #define PACKAGE_STRING "tesseract 3.05.00dev"
| #define PACKAGE_BUGREPORT "https://github.com/tesseract-ocr/tesseract/issues"
| #define PACKAGE_URL ""
| #define GIT_REV "3.05.00dev-34-g252d9a4"
| #define PACKAGE_NAME "tesseract"
| #define PACKAGE_VERSION "3.05.00dev"
| #define PACKAGE_YEAR "2015"
| #define PACKAGE_DATE "07/11"
| #define PACKAGE "tesseract"
| #define VERSION "3.05.00dev"
| #define OPENMP /**/
| #define STDC_HEADERS 1
| #define HAVE_SYS_TYPES_H 1
| #define HAVE_SYS_STAT_H 1
| #define HAVE_STDLIB_H 1
| #define HAVE_STRING_H 1
| #define HAVE_MEMORY_H 1
| #define HAVE_STRINGS_H 1
| #define HAVE_INTTYPES_H 1
| #define HAVE_STDINT_H 1
| #define HAVE_UNISTD_H 1
| /* end confdefs.h.  */
| #include <CL/cl.h>
configure:5257: result: no
configure:5257: checking for CL/cl.h
configure:5257: result: no
configure:5267: checking OpenCL/cl.h usability
configure:5267: gcc -c -g -O2  conftest.c >&5
conftest.c:60:23: fatal error: OpenCL/cl.h: No such file or directory
 #include <OpenCL/cl.h>
                       ^
compilation terminated.
configure:5267: $? = 1
configure: failed program was:
| /* confdefs.h */
| #define PACKAGE_NAME "tesseract"
| #define PACKAGE_TARNAME "tesseract"
| #define PACKAGE_VERSION "3.05.00dev"
| #define PACKAGE_STRING "tesseract 3.05.00dev"
| #define PACKAGE_BUGREPORT "https://github.com/tesseract-ocr/tesseract/issues"
| #define PACKAGE_URL ""
| #define GIT_REV "3.05.00dev-34-g252d9a4"
| #define PACKAGE_NAME "tesseract"
| #define PACKAGE_VERSION "3.05.00dev"
| #define PACKAGE_YEAR "2015"
| #define PACKAGE_DATE "07/11"
| #define PACKAGE "tesseract"
| #define VERSION "3.05.00dev"
| #define OPENMP /**/
| #define STDC_HEADERS 1
| #define HAVE_SYS_TYPES_H 1
| #define HAVE_SYS_STAT_H 1
| #define HAVE_STDLIB_H 1
| #define HAVE_STRING_H 1
| #define HAVE_MEMORY_H 1
| #define HAVE_STRINGS_H 1
| #define HAVE_INTTYPES_H 1
| #define HAVE_STDINT_H 1
| #define HAVE_UNISTD_H 1
| /* end confdefs.h.  */
| #include <stdio.h>
| #ifdef HAVE_SYS_TYPES_H
| # include <sys/types.h>
| #endif
| #ifdef HAVE_SYS_STAT_H
| # include <sys/stat.h>
| #endif
| #ifdef STDC_HEADERS
| # include <stdlib.h>
| # include <stddef.h>
| #else
| # ifdef HAVE_STDLIB_H
| #  include <stdlib.h>
| # endif
| #endif
| #ifdef HAVE_STRING_H
| # if !defined STDC_HEADERS && defined HAVE_MEMORY_H
| #  include <memory.h>
| # endif
| # include <string.h>
| #endif
| #ifdef HAVE_STRINGS_H
| # include <strings.h>
| #endif
| #ifdef HAVE_INTTYPES_H
| # include <inttypes.h>
| #endif
| #ifdef HAVE_STDINT_H
| # include <stdint.h>
| #endif
| #ifdef HAVE_UNISTD_H
| # include <unistd.h>
| #endif
| #include <OpenCL/cl.h>
configure:5267: result: no
configure:5267: checking OpenCL/cl.h presence
configure:5267: gcc -E  conftest.c
conftest.c:27:23: fatal error: OpenCL/cl.h: No such file or directory
 #include <OpenCL/cl.h>
                       ^
compilation terminated.
configure:5267: $? = 1
configure: failed program was:
| /* confdefs.h */
| #define PACKAGE_NAME "tesseract"
| #define PACKAGE_TARNAME "tesseract"
| #define PACKAGE_VERSION "3.05.00dev"
| #define PACKAGE_STRING "tesseract 3.05.00dev"
| #define PACKAGE_BUGREPORT "https://github.com/tesseract-ocr/tesseract/issues"
| #define PACKAGE_URL ""
| #define GIT_REV "3.05.00dev-34-g252d9a4"
| #define PACKAGE_NAME "tesseract"
| #define PACKAGE_VERSION "3.05.00dev"
| #define PACKAGE_YEAR "2015"
| #define PACKAGE_DATE "07/11"
| #define PACKAGE "tesseract"
| #define VERSION "3.05.00dev"
| #define OPENMP /**/
| #define STDC_HEADERS 1
| #define HAVE_SYS_TYPES_H 1
| #define HAVE_SYS_STAT_H 1
| #define HAVE_STDLIB_H 1
| #define HAVE_STRING_H 1
| #define HAVE_MEMORY_H 1
| #define HAVE_STRINGS_H 1
| #define HAVE_INTTYPES_H 1
| #define HAVE_STDINT_H 1
| #define HAVE_UNISTD_H 1
| /* end confdefs.h.  */
| #include <OpenCL/cl.h>
configure:5267: result: no
configure:5267: checking for OpenCL/cl.h
configure:5267: result: no
configure:5288: checking tiffio.h usability
configure:5288: gcc -c -g -O2  conftest.c >&5
conftest.c:60:20: fatal error: tiffio.h: No such file or directory
 #include <tiffio.h>
                    ^
compilation terminated.
configure:5288: $? = 1
configure: failed program was:
| /* confdefs.h */
| #define PACKAGE_NAME "tesseract"
| #define PACKAGE_TARNAME "tesseract"
| #define PACKAGE_VERSION "3.05.00dev"
| #define PACKAGE_STRING "tesseract 3.05.00dev"
| #define PACKAGE_BUGREPORT "https://github.com/tesseract-ocr/tesseract/issues"
| #define PACKAGE_URL ""
| #define GIT_REV "3.05.00dev-34-g252d9a4"
| #define PACKAGE_NAME "tesseract"
| #define PACKAGE_VERSION "3.05.00dev"
| #define PACKAGE_YEAR "2015"
| #define PACKAGE_DATE "07/11"
| #define PACKAGE "tesseract"
| #define VERSION "3.05.00dev"
| #define OPENMP /**/
| #define STDC_HEADERS 1
| #define HAVE_SYS_TYPES_H 1
| #define HAVE_SYS_STAT_H 1
| #define HAVE_STDLIB_H 1
| #define HAVE_STRING_H 1
| #define HAVE_MEMORY_H 1
| #define HAVE_STRINGS_H 1
| #define HAVE_INTTYPES_H 1
| #define HAVE_STDINT_H 1
| #define HAVE_UNISTD_H 1
| /* end confdefs.h.  */
| #include <stdio.h>
| #ifdef HAVE_SYS_TYPES_H
| # include <sys/types.h>
| #endif
| #ifdef HAVE_SYS_STAT_H
| # include <sys/stat.h>
| #endif
| #ifdef STDC_HEADERS
| # include <stdlib.h>
| # include <stddef.h>
| #else
| # ifdef HAVE_STDLIB_H
| #  include <stdlib.h>
| # endif
| #endif
| #ifdef HAVE_STRING_H
| # if !defined STDC_HEADERS && defined HAVE_MEMORY_H
| #  include <memory.h>
| # endif
| # include <string.h>
| #endif
| #ifdef HAVE_STRINGS_H
| # include <strings.h>
| #endif
| #ifdef HAVE_INTTYPES_H
| # include <inttypes.h>
| #endif
| #ifdef HAVE_STDINT_H
| # include <stdint.h>
| #endif
| #ifdef HAVE_UNISTD_H
| # include <unistd.h>
| #endif
| #include <tiffio.h>
configure:5288: result: no
configure:5288: checking tiffio.h presence
configure:5288: gcc -E  conftest.c
conftest.c:27:20: fatal error: tiffio.h: No such file or directory
 #include <tiffio.h>
                    ^
compilation terminated.
configure:5288: $? = 1
configure: failed program was:
| /* confdefs.h */
| #define PACKAGE_NAME "tesseract"
| #define PACKAGE_TARNAME "tesseract"
| #define PACKAGE_VERSION "3.05.00dev"
| #define PACKAGE_STRING "tesseract 3.05.00dev"
| #define PACKAGE_BUGREPORT "https://github.com/tesseract-ocr/tesseract/issues"
| #define PACKAGE_URL ""
| #define GIT_REV "3.05.00dev-34-g252d9a4"
| #define PACKAGE_NAME "tesseract"
| #define PACKAGE_VERSION "3.05.00dev"
| #define PACKAGE_YEAR "2015"
| #define PACKAGE_DATE "07/11"
| #define PACKAGE "tesseract"
| #define VERSION "3.05.00dev"
| #define OPENMP /**/
| #define STDC_HEADERS 1
| #define HAVE_SYS_TYPES_H 1
| #define HAVE_SYS_STAT_H 1
| #define HAVE_STDLIB_H 1
| #define HAVE_STRING_H 1
| #define HAVE_MEMORY_H 1
| #define HAVE_STRINGS_H 1
| #define HAVE_INTTYPES_H 1
| #define HAVE_STDINT_H 1
| #define HAVE_UNISTD_H 1
| /* end confdefs.h.  */
| #include <tiffio.h>
configure:5288: result: no
configure:5288: checking for tiffio.h
configure:5288: result: no
configure:5352: checking for clGetPlatformIDs in -lOpenCL
configure:5377: gcc -o conftest -g -O2   conftest.c -lOpenCL   >&5
/usr/bin/ld: cannot find -lOpenCL
collect2: error: ld returned 1 exit status
configure:5377: $? = 1
configure: failed program was:
| /* confdefs.h */
| #define PACKAGE_NAME "tesseract"
| #define PACKAGE_TARNAME "tesseract"
| #define PACKAGE_VERSION "3.05.00dev"
| #define PACKAGE_STRING "tesseract 3.05.00dev"
| #define PACKAGE_BUGREPORT "https://github.com/tesseract-ocr/tesseract/issues"
| #define PACKAGE_URL ""
| #define GIT_REV "3.05.00dev-34-g252d9a4"
| #define PACKAGE_NAME "tesseract"
| #define PACKAGE_VERSION "3.05.00dev"
| #define PACKAGE_YEAR "2015"
| #define PACKAGE_DATE "07/11"
| #define PACKAGE "tesseract"
| #define VERSION "3.05.00dev"
| #define OPENMP /**/
| #define STDC_HEADERS 1
| #define HAVE_SYS_TYPES_H 1
| #define HAVE_SYS_STAT_H 1
| #define HAVE_STDLIB_H 1
| #define HAVE_STRING_H 1
| #define HAVE_MEMORY_H 1
| #define HAVE_STRINGS_H 1
| #define HAVE_INTTYPES_H 1
| #define HAVE_STDINT_H 1
| #define HAVE_UNISTD_H 1
| /* end confdefs.h.  */
| 
| /* Override any GCC internal prototype to avoid an error.
|    Use char because int might match the return type of a GCC
|    builtin and then its argument prototype would still apply.  */
| #ifdef __cplusplus
| extern "C"
| #endif
| char clGetPlatformIDs ();
| int
| main ()
| {
| return clGetPlatformIDs ();
|   ;
|   return 0;
| }
configure:5386: result: no
configure:5426: checking --enable-visibility argument
configure:5435: result: no
configure:5447: checking --enable-multiple-libraries argument
configure:5456: result: no
configure:5468: checking whether to use tessdata-prefix
configure:5477: result: yes
configure:5489: checking whether to enable debugging
configure:5498: result: no
configure:5584: checking for g++
configure:5600: found /usr/bin/g++
configure:5611: result: g++
configure:5638: checking for C++ compiler version
configure:5647: g++ --version >&5
g++ (Ubuntu 4.8.4-2ubuntu1~14.04) 4.8.4
Copyright (C) 2013 Free Software Foundation, Inc.
This is free software; see the source for copying conditions.  There is NO
warranty; not even for MERCHANTABILITY or FITNESS FOR A PARTICULAR PURPOSE.

configure:5658: $? = 0
configure:5647: g++ -v >&5
Using built-in specs.
COLLECT_GCC=g++
COLLECT_LTO_WRAPPER=/usr/lib/gcc/x86_64-linux-gnu/4.8/lto-wrapper
Target: x86_64-linux-gnu
Configured with: ../src/configure -v --with-pkgversion='Ubuntu 4.8.4-2ubuntu1~14.04' --with-bugurl=file:///usr/share/doc/gcc-4.8/README.Bugs --enable-languages=c,c++,java,go,d,fortran,objc,obj-c++ --prefix=/usr --program-suffix=-4.8 --enable-shared --enable-linker-build-id --libexecdir=/usr/lib --without-included-gettext --enable-threads=posix --with-gxx-include-dir=/usr/include/c++/4.8 --libdir=/usr/lib --enable-nls --with-sysroot=/ --enable-clocale=gnu --enable-libstdcxx-debug --enable-libstdcxx-time=yes --enable-gnu-unique-object --disable-libmudflap --enable-plugin --with-system-zlib --disable-browser-plugin --enable-java-awt=gtk --enable-gtk-cairo --with-java-home=/usr/lib/jvm/java-1.5.0-gcj-4.8-amd64/jre --enable-java-home --with-jvm-root-dir=/usr/lib/jvm/java-1.5.0-gcj-4.8-amd64 --with-jvm-jar-dir=/usr/lib/jvm-exports/java-1.5.0-gcj-4.8-amd64 --with-arch-directory=amd64 --with-ecj-jar=/usr/share/java/eclipse-ecj.jar --enable-objc-gc --enable-multiarch --disable-werror --with-arch-32=i686 --with-abi=m64 --with-multilib-list=m32,m64,mx32 --with-tune=generic --enable-checking=release --build=x86_64-linux-gnu --host=x86_64-linux-gnu --target=x86_64-linux-gnu
Thread model: posix
gcc version 4.8.4 (Ubuntu 4.8.4-2ubuntu1~14.04) 
configure:5658: $? = 0
configure:5647: g++ -V >&5
g++: error: unrecognized command line option '-V'
g++: fatal error: no input files
compilation terminated.
configure:5658: $? = 4
configure:5647: g++ -qversion >&5
g++: error: unrecognized command line option '-qversion'
g++: fatal error: no input files
compilation terminated.
configure:5658: $? = 4
configure:5662: checking whether we are using the GNU C++ compiler
configure:5681: g++ -c   conftest.cpp >&5
configure:5681: $? = 0
configure:5690: result: yes
configure:5699: checking whether g++ accepts -g
configure:5719: g++ -c -g  conftest.cpp >&5
configure:5719: $? = 0
configure:5760: result: yes
configure:5785: checking dependency style of g++
configure:5896: result: gcc3
configure:5958: checking how to print strings
configure:5985: result: printf
configure:6006: checking for a sed that does not truncate output
configure:6070: result: /bin/sed
configure:6088: checking for fgrep
configure:6150: result: /bin/grep -F
configure:6185: checking for ld used by gcc
configure:6252: result: /usr/bin/ld
configure:6259: checking if the linker (/usr/bin/ld) is GNU ld
configure:6274: result: yes
configure:6286: checking for BSD- or MS-compatible name lister (nm)
configure:6335: result: /usr/bin/nm -B
configure:6465: checking the name lister (/usr/bin/nm -B) interface
configure:6472: gcc -c -g -O2  conftest.c >&5
configure:6475: /usr/bin/nm -B "conftest.o"
configure:6478: output
0000000000000000 B some_variable
configure:6485: result: BSD nm
configure:6488: checking whether ln -s works
configure:6492: result: yes
configure:6500: checking the maximum length of command line arguments
configure:6631: result: 1572864
configure:6648: checking whether the shell understands some XSI constructs
configure:6658: result: yes
configure:6662: checking whether the shell understands "+="
configure:6668: result: yes
configure:6703: checking how to convert x86_64-unknown-linux-gnu file names to x86_64-unknown-linux-gnu format
configure:6743: result: func_convert_file_noop
configure:6750: checking how to convert x86_64-unknown-linux-gnu file names to toolchain format
configure:6770: result: func_convert_file_noop
configure:6777: checking for /usr/bin/ld option to reload object files
configure:6784: result: -r
configure:6858: checking for objdump
configure:6874: found /usr/bin/objdump
configure:6885: result: objdump
configure:6917: checking how to recognize dependent libraries
configure:7115: result: pass_all
configure:7200: checking for dlltool
configure:7230: result: no
configure:7260: checking how to associate runtime and link libraries
configure:7287: result: printf %s\n
configure:7347: checking for ar
configure:7363: found /usr/bin/ar
configure:7374: result: ar
configure:7411: checking for archiver @FILE support
configure:7428: gcc -c -g -O2  conftest.c >&5
configure:7428: $? = 0
configure:7431: ar cru libconftest.a @conftest.lst >&5
configure:7434: $? = 0
configure:7439: ar cru libconftest.a @conftest.lst >&5
ar: conftest.o: No such file or directory
configure:7442: $? = 1
configure:7454: result: @
configure:7512: checking for strip
configure:7528: found /usr/bin/strip
configure:7539: result: strip
configure:7611: checking for ranlib
configure:7627: found /usr/bin/ranlib
configure:7638: result: ranlib
configure:7740: checking command to parse /usr/bin/nm -B output from gcc object
configure:7860: gcc -c -g -O2  conftest.c >&5
configure:7863: $? = 0
configure:7867: /usr/bin/nm -B conftest.o \| sed -n -e 's/^.*[ ]\([ABCDGIRSTW][ABCDGIRSTW]*\)[ ][ ]*\([_A-Za-z][_A-Za-z0-9]*\)$/\1 \2 \2/p' | sed '/ __gnu_lto/d' \> conftest.nm
configure:7870: $? = 0
configure:7936: gcc -o conftest -g -O2   conftest.c conftstm.o >&5
configure:7939: $? = 0
configure:7977: result: ok
configure:8014: checking for sysroot
configure:8044: result: no
configure:8121: gcc -c -g -O2  conftest.c >&5
configure:8124: $? = 0
configure:8313: checking for mt
configure:8329: found /bin/mt
configure:8340: result: mt
configure:8363: checking if mt is a manifest tool
configure:8369: mt '-?'
configure:8377: result: no
configure:9016: checking for dlfcn.h
configure:9016: gcc -c -g -O2  conftest.c >&5
configure:9016: $? = 0
configure:9016: result: yes
configure:9233: checking for objdir
configure:9248: result: .libs
configure:9515: checking if gcc supports -fno-rtti -fno-exceptions
configure:9533: gcc -c -g -O2  -fno-rtti -fno-exceptions conftest.c >&5
cc1: warning: command line option '-fno-rtti' is valid for C++/ObjC++ but not for C [enabled by default]
configure:9537: $? = 0
configure:9550: result: no
configure:9877: checking for gcc option to produce PIC
configure:9884: result: -fPIC -DPIC
configure:9892: checking if gcc PIC flag -fPIC -DPIC works
configure:9910: gcc -c -g -O2  -fPIC -DPIC -DPIC conftest.c >&5
configure:9914: $? = 0
configure:9927: result: yes
configure:9956: checking if gcc static flag -static works
configure:9984: result: yes
configure:9999: checking if gcc supports -c -o file.o
configure:10020: gcc -c -g -O2  -o out/conftest2.o conftest.c >&5
configure:10024: $? = 0
configure:10046: result: yes
configure:10054: checking if gcc supports -c -o file.o
configure:10101: result: yes
configure:10134: checking whether the gcc linker (/usr/bin/ld -m elf_x86_64) supports shared libraries
configure:11291: result: yes
configure:11328: checking whether -lc should be explicitly linked in
configure:11336: gcc -c -g -O2  conftest.c >&5
configure:11339: $? = 0
configure:11354: gcc -shared  -fPIC -DPIC conftest.o  -v -Wl,-soname -Wl,conftest -o conftest 2\>\&1 \| /bin/grep  -lc  \>/dev/null 2\>\&1
configure:11357: $? = 0
configure:11371: result: no
configure:11531: checking dynamic linker characteristics
configure:12031: gcc -o conftest -g -O2   -Wl,-rpath -Wl,/foo conftest.c  >&5
configure:12031: $? = 0
configure:12265: result: GNU/Linux ld.so
configure:12372: checking how to hardcode library paths into programs
configure:12397: result: immediate
configure:12937: checking whether stripping libraries is possible
configure:12942: result: yes
configure:12977: checking if libtool supports shared libraries
configure:12979: result: yes
configure:12982: checking whether to build shared libraries
configure:13003: result: yes
configure:13006: checking whether to build static libraries
configure:13010: result: yes
configure:13033: checking how to run the C++ preprocessor
configure:13060: g++ -E  conftest.cpp
configure:13060: $? = 0
configure:13074: g++ -E  conftest.cpp
conftest.cpp:29:28: fatal error: ac_nonexistent.h: No such file or directory
 #include <ac_nonexistent.h>
                            ^
compilation terminated.
configure:13074: $? = 1
configure: failed program was:
| /* confdefs.h */
| #define PACKAGE_NAME "tesseract"
| #define PACKAGE_TARNAME "tesseract"
| #define PACKAGE_VERSION "3.05.00dev"
| #define PACKAGE_STRING "tesseract 3.05.00dev"
| #define PACKAGE_BUGREPORT "https://github.com/tesseract-ocr/tesseract/issues"
| #define PACKAGE_URL ""
| #define GIT_REV "3.05.00dev-34-g252d9a4"
| #define PACKAGE_NAME "tesseract"
| #define PACKAGE_VERSION "3.05.00dev"
| #define PACKAGE_YEAR "2015"
| #define PACKAGE_DATE "07/11"
| #define PACKAGE "tesseract"
| #define VERSION "3.05.00dev"
| #define OPENMP /**/
| #define STDC_HEADERS 1
| #define HAVE_SYS_TYPES_H 1
| #define HAVE_SYS_STAT_H 1
| #define HAVE_STDLIB_H 1
| #define HAVE_STRING_H 1
| #define HAVE_MEMORY_H 1
| #define HAVE_STRINGS_H 1
| #define HAVE_INTTYPES_H 1
| #define HAVE_STDINT_H 1
| #define HAVE_UNISTD_H 1
| #define HAVE_DLFCN_H 1
| #define LT_OBJDIR ".libs/"
| /* end confdefs.h.  */
| #include <ac_nonexistent.h>
configure:13099: result: g++ -E
configure:13119: g++ -E  conftest.cpp
configure:13119: $? = 0
configure:13133: g++ -E  conftest.cpp
conftest.cpp:29:28: fatal error: ac_nonexistent.h: No such file or directory
 #include <ac_nonexistent.h>
                            ^
compilation terminated.
configure:13133: $? = 1
configure: failed program was:
| /* confdefs.h */
| #define PACKAGE_NAME "tesseract"
| #define PACKAGE_TARNAME "tesseract"
| #define PACKAGE_VERSION "3.05.00dev"
| #define PACKAGE_STRING "tesseract 3.05.00dev"
| #define PACKAGE_BUGREPORT "https://github.com/tesseract-ocr/tesseract/issues"
| #define PACKAGE_URL ""
| #define GIT_REV "3.05.00dev-34-g252d9a4"
| #define PACKAGE_NAME "tesseract"
| #define PACKAGE_VERSION "3.05.00dev"
| #define PACKAGE_YEAR "2015"
| #define PACKAGE_DATE "07/11"
| #define PACKAGE "tesseract"
| #define VERSION "3.05.00dev"
| #define OPENMP /**/
| #define STDC_HEADERS 1
| #define HAVE_SYS_TYPES_H 1
| #define HAVE_SYS_STAT_H 1
| #define HAVE_STDLIB_H 1
| #define HAVE_STRING_H 1
| #define HAVE_MEMORY_H 1
| #define HAVE_STRINGS_H 1
| #define HAVE_INTTYPES_H 1
| #define HAVE_STDINT_H 1
| #define HAVE_UNISTD_H 1
| #define HAVE_DLFCN_H 1
| #define LT_OBJDIR ".libs/"
| /* end confdefs.h.  */
| #include <ac_nonexistent.h>
configure:13302: checking for ld used by g++
configure:13369: result: /usr/bin/ld -m elf_x86_64
configure:13376: checking if the linker (/usr/bin/ld -m elf_x86_64) is GNU ld
configure:13391: result: yes
configure:13446: checking whether the g++ linker (/usr/bin/ld -m elf_x86_64) supports shared libraries
configure:14448: result: yes
configure:14484: g++ -c   conftest.cpp >&5
configure:14487: $? = 0
configure:15007: checking for g++ option to produce PIC
configure:15014: result: -fPIC -DPIC
configure:15022: checking if g++ PIC flag -fPIC -DPIC works
configure:15040: g++ -c   -fPIC -DPIC -DPIC conftest.cpp >&5
configure:15044: $? = 0
configure:15057: result: yes
configure:15080: checking if g++ static flag -static works
configure:15108: result: yes
configure:15120: checking if g++ supports -c -o file.o
configure:15141: g++ -c   -o out/conftest2.o conftest.cpp >&5
configure:15145: $? = 0
configure:15167: result: yes
configure:15172: checking if g++ supports -c -o file.o
configure:15219: result: yes
configure:15249: checking whether the g++ linker (/usr/bin/ld -m elf_x86_64) supports shared libraries
configure:15288: result: yes
configure:15429: checking dynamic linker characteristics
configure:16097: result: GNU/Linux ld.so
configure:16150: checking how to hardcode library paths into programs
configure:16175: result: immediate
configure:16244: checking whether byte ordering is bigendian
configure:16259: gcc -c -g -O2  conftest.c >&5
conftest.c:30:9: error: unknown type name 'not'
         not a universal capable compiler
         ^
conftest.c:30:15: error: expected '=', ',', ';', 'asm' or '__attribute__' before 'universal'
         not a universal capable compiler
               ^
conftest.c:30:15: error: unknown type name 'universal'
configure:16259: $? = 1
configure: failed program was:
| /* confdefs.h */
| #define PACKAGE_NAME "tesseract"
| #define PACKAGE_TARNAME "tesseract"
| #define PACKAGE_VERSION "3.05.00dev"
| #define PACKAGE_STRING "tesseract 3.05.00dev"
| #define PACKAGE_BUGREPORT "https://github.com/tesseract-ocr/tesseract/issues"
| #define PACKAGE_URL ""
| #define GIT_REV "3.05.00dev-34-g252d9a4"
| #define PACKAGE_NAME "tesseract"
| #define PACKAGE_VERSION "3.05.00dev"
| #define PACKAGE_YEAR "2015"
| #define PACKAGE_DATE "07/11"
| #define PACKAGE "tesseract"
| #define VERSION "3.05.00dev"
| #define OPENMP /**/
| #define STDC_HEADERS 1
| #define HAVE_SYS_TYPES_H 1
| #define HAVE_SYS_STAT_H 1
| #define HAVE_STDLIB_H 1
| #define HAVE_STRING_H 1
| #define HAVE_MEMORY_H 1
| #define HAVE_STRINGS_H 1
| #define HAVE_INTTYPES_H 1
| #define HAVE_STDINT_H 1
| #define HAVE_UNISTD_H 1
| #define HAVE_DLFCN_H 1
| #define LT_OBJDIR ".libs/"
| /* end confdefs.h.  */
| #ifndef __APPLE_CC__
| 	       not a universal capable compiler
| 	     #endif
| 	     typedef int dummy;
| 
configure:16304: gcc -c -g -O2  conftest.c >&5
configure:16304: $? = 0
configure:16322: gcc -c -g -O2  conftest.c >&5
conftest.c: In function 'main':
conftest.c:36:4: error: unknown type name 'not'
    not big endian
    ^
conftest.c:36:12: error: expected '=', ',', ';', 'asm' or '__attribute__' before 'endian'
    not big endian
            ^
configure:16322: $? = 1
configure: failed program was:
| /* confdefs.h */
| #define PACKAGE_NAME "tesseract"
| #define PACKAGE_TARNAME "tesseract"
| #define PACKAGE_VERSION "3.05.00dev"
| #define PACKAGE_STRING "tesseract 3.05.00dev"
| #define PACKAGE_BUGREPORT "https://github.com/tesseract-ocr/tesseract/issues"
| #define PACKAGE_URL ""
| #define GIT_REV "3.05.00dev-34-g252d9a4"
| #define PACKAGE_NAME "tesseract"
| #define PACKAGE_VERSION "3.05.00dev"
| #define PACKAGE_YEAR "2015"
| #define PACKAGE_DATE "07/11"
| #define PACKAGE "tesseract"
| #define VERSION "3.05.00dev"
| #define OPENMP /**/
| #define STDC_HEADERS 1
| #define HAVE_SYS_TYPES_H 1
| #define HAVE_SYS_STAT_H 1
| #define HAVE_STDLIB_H 1
| #define HAVE_STRING_H 1
| #define HAVE_MEMORY_H 1
| #define HAVE_STRINGS_H 1
| #define HAVE_INTTYPES_H 1
| #define HAVE_STDINT_H 1
| #define HAVE_UNISTD_H 1
| #define HAVE_DLFCN_H 1
| #define LT_OBJDIR ".libs/"
| /* end confdefs.h.  */
| #include <sys/types.h>
| 		#include <sys/param.h>
| 
| int
| main ()
| {
| #if BYTE_ORDER != BIG_ENDIAN
| 		 not big endian
| 		#endif
| 
|   ;
|   return 0;
| }
configure:16450: result: no
configure:16490: checking if compiling with clang
configure:16507: g++ -c   conftest.cpp >&5
conftest.cpp: In function 'int main()':
conftest.cpp:35:12: error: 'clang' was not declared in this scope
        not clang
            ^
configure:16507: $? = 1
configure: failed program was:
| /* confdefs.h */
| #define PACKAGE_NAME "tesseract"
| #define PACKAGE_TARNAME "tesseract"
| #define PACKAGE_VERSION "3.05.00dev"
| #define PACKAGE_STRING "tesseract 3.05.00dev"
| #define PACKAGE_BUGREPORT "https://github.com/tesseract-ocr/tesseract/issues"
| #define PACKAGE_URL ""
| #define GIT_REV "3.05.00dev-34-g252d9a4"
| #define PACKAGE_NAME "tesseract"
| #define PACKAGE_VERSION "3.05.00dev"
| #define PACKAGE_YEAR "2015"
| #define PACKAGE_DATE "07/11"
| #define PACKAGE "tesseract"
| #define VERSION "3.05.00dev"
| #define OPENMP /**/
| #define STDC_HEADERS 1
| #define HAVE_SYS_TYPES_H 1
| #define HAVE_SYS_STAT_H 1
| #define HAVE_STDLIB_H 1
| #define HAVE_STRING_H 1
| #define HAVE_MEMORY_H 1
| #define HAVE_STRINGS_H 1
| #define HAVE_INTTYPES_H 1
| #define HAVE_STDINT_H 1
| #define HAVE_UNISTD_H 1
| #define HAVE_DLFCN_H 1
| #define LT_OBJDIR ".libs/"
| /* end confdefs.h.  */
| 
| int
| main ()
| {
| 
| #ifndef __clang__
|        not clang
| #endif
| 
|   ;
|   return 0;
| }
configure:16514: result: no
configure:16519: checking whether compiler supports C++11
configure:16533: g++ -c  -std=c++11  conftest.cpp >&5
configure:16533: $? = 0
configure:16535: result: yes
configure:16549: checking for snprintf
configure:16549: g++ -o conftest  -std=c++11   conftest.cpp  >&5
configure:16549: $? = 0
configure:16549: result: yes
configure:16566: checking for library containing sem_init
configure:16597: g++ -o conftest    conftest.cpp  >&5
/tmp/ccb36qsx.o: In function `main':
conftest.cpp:(.text+0x5): undefined reference to `sem_init'
collect2: error: ld returned 1 exit status
configure:16597: $? = 1
configure: failed program was:
| /* confdefs.h */
| #define PACKAGE_NAME "tesseract"
| #define PACKAGE_TARNAME "tesseract"
| #define PACKAGE_VERSION "3.05.00dev"
| #define PACKAGE_STRING "tesseract 3.05.00dev"
| #define PACKAGE_BUGREPORT "https://github.com/tesseract-ocr/tesseract/issues"
| #define PACKAGE_URL ""
| #define GIT_REV "3.05.00dev-34-g252d9a4"
| #define PACKAGE_NAME "tesseract"
| #define PACKAGE_VERSION "3.05.00dev"
| #define PACKAGE_YEAR "2015"
| #define PACKAGE_DATE "07/11"
| #define PACKAGE "tesseract"
| #define VERSION "3.05.00dev"
| #define OPENMP /**/
| #define STDC_HEADERS 1
| #define HAVE_SYS_TYPES_H 1
| #define HAVE_SYS_STAT_H 1
| #define HAVE_STDLIB_H 1
| #define HAVE_STRING_H 1
| #define HAVE_MEMORY_H 1
| #define HAVE_STRINGS_H 1
| #define HAVE_INTTYPES_H 1
| #define HAVE_STDINT_H 1
| #define HAVE_UNISTD_H 1
| #define HAVE_DLFCN_H 1
| #define LT_OBJDIR ".libs/"
| #define HAVE_SNPRINTF 1
| /* end confdefs.h.  */
| 
| /* Override any GCC internal prototype to avoid an error.
|    Use char because int might match the return type of a GCC
|    builtin and then its argument prototype would still apply.  */
| #ifdef __cplusplus
| extern "C"
| #endif
| char sem_init ();
| int
| main ()
| {
| return sem_init ();
|   ;
|   return 0;
| }
configure:16597: g++ -o conftest    conftest.cpp -lpthread   >&5
configure:16597: $? = 0
configure:16614: result: -lpthread
configure:16629: checking for ANSI C header files
configure:16733: result: yes
configure:16741: checking whether time.h and sys/time.h may both be included
configure:16761: g++ -c   conftest.cpp >&5
configure:16761: $? = 0
configure:16768: result: yes
configure:16776: checking for sys/wait.h that is POSIX.1 compatible
configure:16802: g++ -c   conftest.cpp >&5
configure:16802: $? = 0
configure:16809: result: yes
configure:16820: checking sys/ipc.h usability
configure:16820: g++ -c   conftest.cpp >&5
configure:16820: $? = 0
configure:16820: result: yes
configure:16820: checking sys/ipc.h presence
configure:16820: g++ -E  conftest.cpp
configure:16820: $? = 0
configure:16820: result: yes
configure:16820: checking for sys/ipc.h
configure:16820: result: yes
configure:16820: checking sys/shm.h usability
configure:16820: g++ -c   conftest.cpp >&5
configure:16820: $? = 0
configure:16820: result: yes
configure:16820: checking sys/shm.h presence
configure:16820: g++ -E  conftest.cpp
configure:16820: $? = 0
configure:16820: result: yes
configure:16820: checking for sys/shm.h
configure:16820: result: yes
configure:16833: checking limits.h usability
configure:16833: g++ -c   conftest.cpp >&5
configure:16833: $? = 0
configure:16833: result: yes
configure:16833: checking limits.h presence
configure:16833: g++ -E  conftest.cpp
configure:16833: $? = 0
configure:16833: result: yes
configure:16833: checking for limits.h
configure:16833: result: yes
configure:16833: checking malloc.h usability
configure:16833: g++ -c   conftest.cpp >&5
configure:16833: $? = 0
configure:16833: result: yes
configure:16833: checking malloc.h presence
configure:16833: g++ -E  conftest.cpp
configure:16833: $? = 0
configure:16833: result: yes
configure:16833: checking for malloc.h
configure:16833: result: yes
configure:16844: checking for stdbool.h that conforms to C99
configure:16911: g++ -c   conftest.cpp >&5
configure:16911: $? = 0
configure:16918: result: yes
configure:16920: checking for _Bool
configure:16920: g++ -c   conftest.cpp >&5
conftest.cpp: In function 'int main()':
conftest.cpp:73:13: error: '_Bool' was not declared in this scope
 if (sizeof (_Bool))
             ^
configure:16920: $? = 1
configure: failed program was:
| /* confdefs.h */
| #define PACKAGE_NAME "tesseract"
| #define PACKAGE_TARNAME "tesseract"
| #define PACKAGE_VERSION "3.05.00dev"
| #define PACKAGE_STRING "tesseract 3.05.00dev"
| #define PACKAGE_BUGREPORT "https://github.com/tesseract-ocr/tesseract/issues"
| #define PACKAGE_URL ""
| #define GIT_REV "3.05.00dev-34-g252d9a4"
| #define PACKAGE_NAME "tesseract"
| #define PACKAGE_VERSION "3.05.00dev"
| #define PACKAGE_YEAR "2015"
| #define PACKAGE_DATE "07/11"
| #define PACKAGE "tesseract"
| #define VERSION "3.05.00dev"
| #define OPENMP /**/
| #define STDC_HEADERS 1
| #define HAVE_SYS_TYPES_H 1
| #define HAVE_SYS_STAT_H 1
| #define HAVE_STDLIB_H 1
| #define HAVE_STRING_H 1
| #define HAVE_MEMORY_H 1
| #define HAVE_STRINGS_H 1
| #define HAVE_INTTYPES_H 1
| #define HAVE_STDINT_H 1
| #define HAVE_UNISTD_H 1
| #define HAVE_DLFCN_H 1
| #define LT_OBJDIR ".libs/"
| #define HAVE_SNPRINTF 1
| #define STDC_HEADERS 1
| #define TIME_WITH_SYS_TIME 1
| #define HAVE_SYS_WAIT_H 1
| #define HAVE_SYS_IPC_H 1
| #define HAVE_SYS_SHM_H 1
| #define HAVE_LIMITS_H 1
| #define HAVE_MALLOC_H 1
| /* end confdefs.h.  */
| #include <stdio.h>
| #ifdef HAVE_SYS_TYPES_H
| # include <sys/types.h>
| #endif
| #ifdef HAVE_SYS_STAT_H
| # include <sys/stat.h>
| #endif
| #ifdef STDC_HEADERS
| # include <stdlib.h>
| # include <stddef.h>
| #else
| # ifdef HAVE_STDLIB_H
| #  include <stdlib.h>
| # endif
| #endif
| #ifdef HAVE_STRING_H
| # if !defined STDC_HEADERS && defined HAVE_MEMORY_H
| #  include <memory.h>
| # endif
| # include <string.h>
| #endif
| #ifdef HAVE_STRINGS_H
| # include <strings.h>
| #endif
| #ifdef HAVE_INTTYPES_H
| # include <inttypes.h>
| #endif
| #ifdef HAVE_STDINT_H
| # include <stdint.h>
| #endif
| #ifdef HAVE_UNISTD_H
| # include <unistd.h>
| #endif
| int
| main ()
| {
| if (sizeof (_Bool))
| 	 return 0;
|   ;
|   return 0;
| }
configure:16920: result: no
configure:16939: checking whether #! works in shell scripts
configure:16956: result: yes
configure:16967: checking for special C compiler options needed for large files
configure:17012: result: no
configure:17018: checking for _FILE_OFFSET_BITS value needed for large files
configure:17043: g++ -c   conftest.cpp >&5
configure:17043: $? = 0
configure:17075: result: no
configure:17163: checking for getline
configure:17163: g++ -o conftest    conftest.cpp -lpthread  >&5
configure:17163: $? = 0
configure:17163: result: yes
configure:17177: checking for wchar_t
configure:17177: g++ -c   conftest.cpp >&5
configure:17177: $? = 0
configure:17177: g++ -c   conftest.cpp >&5
conftest.cpp: In function 'int main()':
conftest.cpp:75:14: error: expected primary-expression before 'wchar_t'
 if (sizeof ((wchar_t)))
              ^
conftest.cpp:75:14: error: expected ')' before 'wchar_t'
conftest.cpp:76:14: error: expected ')' before ';' token
      return 0;
              ^
conftest.cpp:76:14: error: expected ')' before ';' token
configure:17177: $? = 1
configure: failed program was:
| /* confdefs.h */
| #define PACKAGE_NAME "tesseract"
| #define PACKAGE_TARNAME "tesseract"
| #define PACKAGE_VERSION "3.05.00dev"
| #define PACKAGE_STRING "tesseract 3.05.00dev"
| #define PACKAGE_BUGREPORT "https://github.com/tesseract-ocr/tesseract/issues"
| #define PACKAGE_URL ""
| #define GIT_REV "3.05.00dev-34-g252d9a4"
| #define PACKAGE_NAME "tesseract"
| #define PACKAGE_VERSION "3.05.00dev"
| #define PACKAGE_YEAR "2015"
| #define PACKAGE_DATE "07/11"
| #define PACKAGE "tesseract"
| #define VERSION "3.05.00dev"
| #define OPENMP /**/
| #define STDC_HEADERS 1
| #define HAVE_SYS_TYPES_H 1
| #define HAVE_SYS_STAT_H 1
| #define HAVE_STDLIB_H 1
| #define HAVE_STRING_H 1
| #define HAVE_MEMORY_H 1
| #define HAVE_STRINGS_H 1
| #define HAVE_INTTYPES_H 1
| #define HAVE_STDINT_H 1
| #define HAVE_UNISTD_H 1
| #define HAVE_DLFCN_H 1
| #define LT_OBJDIR ".libs/"
| #define HAVE_SNPRINTF 1
| #define STDC_HEADERS 1
| #define TIME_WITH_SYS_TIME 1
| #define HAVE_SYS_WAIT_H 1
| #define HAVE_SYS_IPC_H 1
| #define HAVE_SYS_SHM_H 1
| #define HAVE_LIMITS_H 1
| #define HAVE_MALLOC_H 1
| #define HAVE_STDBOOL_H 1
| #define HAVE_GETLINE 1
| /* end confdefs.h.  */
| #include <stdio.h>
| #ifdef HAVE_SYS_TYPES_H
| # include <sys/types.h>
| #endif
| #ifdef HAVE_SYS_STAT_H
| # include <sys/stat.h>
| #endif
| #ifdef STDC_HEADERS
| # include <stdlib.h>
| # include <stddef.h>
| #else
| # ifdef HAVE_STDLIB_H
| #  include <stdlib.h>
| # endif
| #endif
| #ifdef HAVE_STRING_H
| # if !defined STDC_HEADERS && defined HAVE_MEMORY_H
| #  include <memory.h>
| # endif
| # include <string.h>
| #endif
| #ifdef HAVE_STRINGS_H
| # include <strings.h>
| #endif
| #ifdef HAVE_INTTYPES_H
| # include <inttypes.h>
| #endif
| #ifdef HAVE_STDINT_H
| # include <stdint.h>
| #endif
| #ifdef HAVE_UNISTD_H
| # include <unistd.h>
| #endif
| int
| main ()
| {
| if (sizeof ((wchar_t)))
| 	    return 0;
|   ;
|   return 0;
| }
configure:17177: result: yes
configure:17187: checking for long long int
configure:17187: g++ -c   conftest.cpp >&5
configure:17187: $? = 0
configure:17187: g++ -c   conftest.cpp >&5
conftest.cpp: In function 'int main()':
conftest.cpp:76:14: error: expected primary-expression before 'long'
 if (sizeof ((long long int)))
              ^
conftest.cpp:76:14: error: expected ')' before 'long'
conftest.cpp:77:14: error: expected ')' before ';' token
      return 0;
              ^
conftest.cpp:77:14: error: expected ')' before ';' token
configure:17187: $? = 1
configure: failed program was:
| /* confdefs.h */
| #define PACKAGE_NAME "tesseract"
| #define PACKAGE_TARNAME "tesseract"
| #define PACKAGE_VERSION "3.05.00dev"
| #define PACKAGE_STRING "tesseract 3.05.00dev"
| #define PACKAGE_BUGREPORT "https://github.com/tesseract-ocr/tesseract/issues"
| #define PACKAGE_URL ""
| #define GIT_REV "3.05.00dev-34-g252d9a4"
| #define PACKAGE_NAME "tesseract"
| #define PACKAGE_VERSION "3.05.00dev"
| #define PACKAGE_YEAR "2015"
| #define PACKAGE_DATE "07/11"
| #define PACKAGE "tesseract"
| #define VERSION "3.05.00dev"
| #define OPENMP /**/
| #define STDC_HEADERS 1
| #define HAVE_SYS_TYPES_H 1
| #define HAVE_SYS_STAT_H 1
| #define HAVE_STDLIB_H 1
| #define HAVE_STRING_H 1
| #define HAVE_MEMORY_H 1
| #define HAVE_STRINGS_H 1
| #define HAVE_INTTYPES_H 1
| #define HAVE_STDINT_H 1
| #define HAVE_UNISTD_H 1
| #define HAVE_DLFCN_H 1
| #define LT_OBJDIR ".libs/"
| #define HAVE_SNPRINTF 1
| #define STDC_HEADERS 1
| #define TIME_WITH_SYS_TIME 1
| #define HAVE_SYS_WAIT_H 1
| #define HAVE_SYS_IPC_H 1
| #define HAVE_SYS_SHM_H 1
| #define HAVE_LIMITS_H 1
| #define HAVE_MALLOC_H 1
| #define HAVE_STDBOOL_H 1
| #define HAVE_GETLINE 1
| #define HAVE_WCHAR_T 1
| /* end confdefs.h.  */
| #include <stdio.h>
| #ifdef HAVE_SYS_TYPES_H
| # include <sys/types.h>
| #endif
| #ifdef HAVE_SYS_STAT_H
| # include <sys/stat.h>
| #endif
| #ifdef STDC_HEADERS
| # include <stdlib.h>
| # include <stddef.h>
| #else
| # ifdef HAVE_STDLIB_H
| #  include <stdlib.h>
| # endif
| #endif
| #ifdef HAVE_STRING_H
| # if !defined STDC_HEADERS && defined HAVE_MEMORY_H
| #  include <memory.h>
| # endif
| # include <string.h>
| #endif
| #ifdef HAVE_STRINGS_H
| # include <strings.h>
| #endif
| #ifdef HAVE_INTTYPES_H
| # include <inttypes.h>
| #endif
| #ifdef HAVE_STDINT_H
| # include <stdint.h>
| #endif
| #ifdef HAVE_UNISTD_H
| # include <unistd.h>
| #endif
| int
| main ()
| {
| if (sizeof ((long long int)))
| 	    return 0;
|   ;
|   return 0;
| }
configure:17187: result: yes
configure:17197: checking for mbstate_t
configure:17197: g++ -c   conftest.cpp >&5
configure:17197: $? = 0
configure:17197: g++ -c   conftest.cpp >&5
conftest.cpp: In function 'int main()':
conftest.cpp:46:23: error: expected primary-expression before ')' token
 if (sizeof ((mbstate_t)))
                       ^
configure:17197: $? = 1
configure: failed program was:
| /* confdefs.h */
| #define PACKAGE_NAME "tesseract"
| #define PACKAGE_TARNAME "tesseract"
| #define PACKAGE_VERSION "3.05.00dev"
| #define PACKAGE_STRING "tesseract 3.05.00dev"
| #define PACKAGE_BUGREPORT "https://github.com/tesseract-ocr/tesseract/issues"
| #define PACKAGE_URL ""
| #define GIT_REV "3.05.00dev-34-g252d9a4"
| #define PACKAGE_NAME "tesseract"
| #define PACKAGE_VERSION "3.05.00dev"
| #define PACKAGE_YEAR "2015"
| #define PACKAGE_DATE "07/11"
| #define PACKAGE "tesseract"
| #define VERSION "3.05.00dev"
| #define OPENMP /**/
| #define STDC_HEADERS 1
| #define HAVE_SYS_TYPES_H 1
| #define HAVE_SYS_STAT_H 1
| #define HAVE_STDLIB_H 1
| #define HAVE_STRING_H 1
| #define HAVE_MEMORY_H 1
| #define HAVE_STRINGS_H 1
| #define HAVE_INTTYPES_H 1
| #define HAVE_STDINT_H 1
| #define HAVE_UNISTD_H 1
| #define HAVE_DLFCN_H 1
| #define LT_OBJDIR ".libs/"
| #define HAVE_SNPRINTF 1
| #define STDC_HEADERS 1
| #define TIME_WITH_SYS_TIME 1
| #define HAVE_SYS_WAIT_H 1
| #define HAVE_SYS_IPC_H 1
| #define HAVE_SYS_SHM_H 1
| #define HAVE_LIMITS_H 1
| #define HAVE_MALLOC_H 1
| #define HAVE_STDBOOL_H 1
| #define HAVE_GETLINE 1
| #define HAVE_WCHAR_T 1
| #define HAVE_LONG_LONG_INT 1
| /* end confdefs.h.  */
| #include "wchar.h"
| 
| int
| main ()
| {
| if (sizeof ((mbstate_t)))
| 	    return 0;
|   ;
|   return 0;
| }
configure:17197: result: yes
configure:17214: checking for leptonica
configure:17233: result: yes
configure:17235: checking for pixCreate in -llept
configure:17260: g++ -o conftest   -I/usr/local/include/leptonica  conftest.cpp -llept  -lpthread  >&5
configure:17260: $? = 0
configure:17269: result: yes
configure:17286: checking leptonica version >= 1.71
configure:17303: g++ -E  -I/usr/local/include/leptonica conftest.cpp
configure:17303: $? = 0
configure:17304: result: yes
configure:17318: checking unicode/uchar.h usability
configure:17318: g++ -c   -I/usr/local/include/leptonica conftest.cpp >&5
configure:17318: $? = 0
configure:17318: result: yes
configure:17318: checking unicode/uchar.h presence
configure:17318: g++ -E  -I/usr/local/include/leptonica conftest.cpp
configure:17318: $? = 0
configure:17318: result: yes
configure:17318: checking for unicode/uchar.h
configure:17318: result: yes
configure:17349: checking pango-1.0/pango/pango-features.h usability
configure:17349: g++ -c   -I/usr/local/include/leptonica conftest.cpp >&5
configure:17349: $? = 0
configure:17349: result: yes
configure:17349: checking pango-1.0/pango/pango-features.h presence
configure:17349: g++ -E  -I/usr/local/include/leptonica conftest.cpp
configure:17349: $? = 0
configure:17349: result: yes
configure:17349: checking for pango-1.0/pango/pango-features.h
configure:17349: result: yes
configure:17382: checking cairo/cairo-version.h usability
configure:17382: g++ -c   -I/usr/local/include/leptonica -pthread -I/usr/include/pango-1.0 -I/usr/include/glib-2.0 -I/usr/lib/x86_64-linux-gnu/glib-2.0/include   conftest.cpp >&5
configure:17382: $? = 0
configure:17382: result: yes
configure:17382: checking cairo/cairo-version.h presence
configure:17382: g++ -E  -I/usr/local/include/leptonica -pthread -I/usr/include/pango-1.0 -I/usr/include/glib-2.0 -I/usr/lib/x86_64-linux-gnu/glib-2.0/include   conftest.cpp
configure:17382: $? = 0
configure:17382: result: yes
configure:17382: checking for cairo/cairo-version.h
configure:17382: result: yes
configure:17611: checking that generated files are newer than configure
configure:17617: result: done
configure:17749: creating ./config.status

## ---------------------- ##
## Running config.status. ##
## ---------------------- ##

This file was extended by tesseract config.status 3.05.00dev, which was
generated by GNU Autoconf 2.69.  Invocation command line was

  CONFIG_FILES    = 
  CONFIG_HEADERS  = 
  CONFIG_LINKS    = 
  CONFIG_COMMANDS = 
  $ ./config.status 

on Spryte

config.status:1238: creating Makefile
config.status:1238: creating tesseract.pc
config.status:1238: creating api/Makefile
config.status:1238: creating ccmain/Makefile
config.status:1238: creating opencl/Makefile
config.status:1238: creating ccstruct/Makefile
config.status:1238: creating ccutil/Makefile
config.status:1238: creating classify/Makefile
config.status:1238: creating cube/Makefile
config.status:1238: creating cutil/Makefile
config.status:1238: creating dict/Makefile
config.status:1238: creating neural_networks/runtime/Makefile
config.status:1238: creating textord/Makefile
config.status:1238: creating viewer/Makefile
config.status:1238: creating wordrec/Makefile
config.status:1238: creating tessdata/Makefile
config.status:1238: creating tessdata/configs/Makefile
config.status:1238: creating tessdata/tessconfigs/Makefile
config.status:1238: creating testing/Makefile
config.status:1238: creating java/Makefile
config.status:1238: creating java/com/Makefile
config.status:1238: creating java/com/google/Makefile
config.status:1238: creating java/com/google/scrollview/Makefile
config.status:1238: creating java/com/google/scrollview/events/Makefile
config.status:1238: creating java/com/google/scrollview/ui/Makefile
config.status:1238: creating doc/Makefile
config.status:1238: creating training/Makefile
config.status:1238: creating config_auto.h
config.status:1467: executing depfiles commands
config.status:1467: executing libtool commands

## ---------------- ##
## Cache variables. ##
## ---------------- ##

ac_cv_build=x86_64-unknown-linux-gnu
ac_cv_c_bigendian=no
ac_cv_c_compiler_gnu=yes
ac_cv_cxx_compiler_gnu=yes
ac_cv_env_CCC_set=
ac_cv_env_CCC_value=
ac_cv_env_CC_set=
ac_cv_env_CC_value=
ac_cv_env_CFLAGS_set=
ac_cv_env_CFLAGS_value=
ac_cv_env_CPPFLAGS_set=
ac_cv_env_CPPFLAGS_value=
ac_cv_env_CPP_set=
ac_cv_env_CPP_value=
ac_cv_env_CXXCPP_set=
ac_cv_env_CXXCPP_value=
ac_cv_env_CXXFLAGS_set=
ac_cv_env_CXXFLAGS_value=
ac_cv_env_CXX_set=
ac_cv_env_CXX_value=
ac_cv_env_LDFLAGS_set=
ac_cv_env_LDFLAGS_value=
ac_cv_env_LIBLEPT_HEADERSDIR_set=
ac_cv_env_LIBLEPT_HEADERSDIR_value=
ac_cv_env_LIBS_set=
ac_cv_env_LIBS_value=
ac_cv_env_build_alias_set=
ac_cv_env_build_alias_value=
ac_cv_env_host_alias_set=
ac_cv_env_host_alias_value=
ac_cv_env_target_alias_set=
ac_cv_env_target_alias_value=
ac_cv_func_getline=yes
ac_cv_func_snprintf=yes
ac_cv_header_CL_cl_h=no
ac_cv_header_OpenCL_cl_h=no
ac_cv_header_cairo_cairo_version_h=yes
ac_cv_header_dlfcn_h=yes
ac_cv_header_inttypes_h=yes
ac_cv_header_limits_h=yes
ac_cv_header_malloc_h=yes
ac_cv_header_memory_h=yes
ac_cv_header_pango_1_0_pango_pango_features_h=yes
ac_cv_header_stdbool_h=yes
ac_cv_header_stdc=yes
ac_cv_header_stdint_h=yes
ac_cv_header_stdlib_h=yes
ac_cv_header_string_h=yes
ac_cv_header_strings_h=yes
ac_cv_header_sys_ipc_h=yes
ac_cv_header_sys_shm_h=yes
ac_cv_header_sys_stat_h=yes
ac_cv_header_sys_types_h=yes
ac_cv_header_sys_wait_h=yes
ac_cv_header_tiffio_h=no
ac_cv_header_time=yes
ac_cv_header_unicode_uchar_h=yes
ac_cv_header_unistd_h=yes
ac_cv_host=x86_64-unknown-linux-gnu
ac_cv_lib_OpenCL_clGetPlatformIDs=no
ac_cv_lib_lept_pixCreate=yes
ac_cv_objext=o
ac_cv_path_EGREP='/bin/grep -E'
ac_cv_path_FGREP='/bin/grep -F'
ac_cv_path_GREP=/bin/grep
ac_cv_path_SED=/bin/sed
ac_cv_path_install='/usr/bin/install -c'
ac_cv_path_mkdir=/bin/mkdir
ac_cv_prog_AWK=mawk
ac_cv_prog_CPP='gcc -E'
ac_cv_prog_CXXCPP='g++ -E'
ac_cv_prog_ac_ct_AR=ar
ac_cv_prog_ac_ct_CC=gcc
ac_cv_prog_ac_ct_CXX=g++
ac_cv_prog_ac_ct_MANIFEST_TOOL=mt
ac_cv_prog_ac_ct_OBJDUMP=objdump
ac_cv_prog_ac_ct_RANLIB=ranlib
ac_cv_prog_ac_ct_STRIP=strip
ac_cv_prog_c_openmp=-fopenmp
ac_cv_prog_cc_c89=
ac_cv_prog_cc_g=yes
ac_cv_prog_cxx_g=yes
ac_cv_prog_make_make_set=yes
ac_cv_search_sem_init=-lpthread
ac_cv_sys_file_offset_bits=no
ac_cv_sys_interpreter=yes
ac_cv_sys_largefile_CC=no
ac_cv_type__Bool=no
ac_cv_type_long_long_int=yes
ac_cv_type_mbstate_t=yes
ac_cv_type_wchar_t=yes
am_cv_CC_dependencies_compiler_type=gcc3
am_cv_CXX_dependencies_compiler_type=gcc3
am_cv_make_support_nested_variables=yes
am_cv_prog_cc_c_o=yes
lt_cv_ar_at_file=@
lt_cv_archive_cmds_need_lc=no
lt_cv_deplibs_check_method=pass_all
lt_cv_file_magic_cmd='$MAGIC_CMD'
lt_cv_file_magic_test_file=
lt_cv_ld_reload_flag=-r
lt_cv_nm_interface='BSD nm'
lt_cv_objdir=.libs
lt_cv_path_LD=/usr/bin/ld
lt_cv_path_LDCXX='/usr/bin/ld -m elf_x86_64'
lt_cv_path_NM='/usr/bin/nm -B'
lt_cv_path_mainfest_tool=no
lt_cv_prog_compiler_c_o=yes
lt_cv_prog_compiler_c_o_CXX=yes
lt_cv_prog_compiler_pic='-fPIC -DPIC'
lt_cv_prog_compiler_pic_CXX='-fPIC -DPIC'
lt_cv_prog_compiler_pic_works=yes
lt_cv_prog_compiler_pic_works_CXX=yes
lt_cv_prog_compiler_rtti_exceptions=no
lt_cv_prog_compiler_static_works=yes
lt_cv_prog_compiler_static_works_CXX=yes
lt_cv_prog_gnu_ld=yes
lt_cv_prog_gnu_ldcxx=yes
lt_cv_sharedlib_from_linklib_cmd='printf %s\n'
lt_cv_shlibpath_overrides_runpath=no
lt_cv_sys_global_symbol_pipe='sed -n -e '\''s/^.*[	 ]\([ABCDGIRSTW][ABCDGIRSTW]*\)[	 ][	 ]*\([_A-Za-z][_A-Za-z0-9]*\)$/\1 \2 \2/p'\'' | sed '\''/ __gnu_lto/d'\'''
lt_cv_sys_global_symbol_to_c_name_address='sed -n -e '\''s/^: \([^ ]*\)[ ]*$/  {\"\1\", (void *) 0},/p'\'' -e '\''s/^[ABCDGIRSTW]* \([^ ]*\) \([^ ]*\)$/  {"\2", (void *) \&\2},/p'\'''
lt_cv_sys_global_symbol_to_c_name_address_lib_prefix='sed -n -e '\''s/^: \([^ ]*\)[ ]*$/  {\"\1\", (void *) 0},/p'\'' -e '\''s/^[ABCDGIRSTW]* \([^ ]*\) \(lib[^ ]*\)$/  {"\2", (void *) \&\2},/p'\'' -e '\''s/^[ABCDGIRSTW]* \([^ ]*\) \([^ ]*\)$/  {"lib\2", (void *) \&\2},/p'\'''
lt_cv_sys_global_symbol_to_cdecl='sed -n -e '\''s/^T .* \(.*\)$/extern int \1();/p'\'' -e '\''s/^[ABCDGIRSTW]* .* \(.*\)$/extern char \1;/p'\'''
lt_cv_sys_max_cmd_len=1572864
lt_cv_to_host_file_cmd=func_convert_file_noop
lt_cv_to_tool_file_cmd=func_convert_file_noop

## ----------------- ##
## Output variables. ##
## ----------------- ##

ACLOCAL='${SHELL} /home/zhijian/Documents/Research/tesseract/config/missing aclocal-1.14'
ADD_RT_FALSE='#'
ADD_RT_TRUE=''
AMDEPBACKSLASH='\'
AMDEP_FALSE='#'
AMDEP_TRUE=''
AMTAR='$${TAR-tar}'
AM_BACKSLASH='\'
AM_CPPFLAGS=' -O2 -DNDEBUG'
AM_DEFAULT_V='$(AM_DEFAULT_VERBOSITY)'
AM_DEFAULT_VERBOSITY='1'
AM_LDFLAGS=''
AM_V='$(V)'
AR='ar'
AUTOCONF='${SHELL} /home/zhijian/Documents/Research/tesseract/config/missing autoconf'
AUTOHEADER='${SHELL} /home/zhijian/Documents/Research/tesseract/config/missing autoheader'
AUTOMAKE='${SHELL} /home/zhijian/Documents/Research/tesseract/config/missing automake-1.14'
AWK='mawk'
CC='gcc'
CCDEPMODE='depmode=gcc3'
CFLAGS='-g -O2'
CPP='gcc -E'
CPPFLAGS=' -I/usr/local/include/leptonica -pthread -I/usr/include/pango-1.0 -I/usr/include/glib-2.0 -I/usr/lib/x86_64-linux-gnu/glib-2.0/include   -I/usr/include/cairo -I/usr/include/glib-2.0 -I/usr/lib/x86_64-linux-gnu/glib-2.0/include -I/usr/include/pixman-1 -I/usr/include/freetype2 -I/usr/include/libpng12  '
CXX='g++'
CXXCPP='g++ -E'
CXXDEPMODE='depmode=gcc3'
CXXFLAGS=' -std=c++11'
CYGPATH_W='echo'
DEFS='-DHAVE_CONFIG_H'
DEPDIR='.deps'
DLLTOOL='false'
DSYMUTIL=''
DUMPBIN=''
ECHO_C=''
ECHO_N='-n'
ECHO_T=''
EGREP='/bin/grep -E'
EMBEDDED_FALSE=''
EMBEDDED_TRUE='#'
ENABLE_TRAINING_FALSE='#'
ENABLE_TRAINING_TRUE=''
EXEEXT=''
FGREP='/bin/grep -F'
FRAMEWORK_OPENCL=''
GENERIC_API_VERSION='3.4'
GENERIC_LIBRARY_NAME='tesseract'
GENERIC_LIBRARY_VERSION='3:4'
GENERIC_MAJOR_VERSION='3'
GENERIC_RELEASE='3.4'
GENERIC_VERSION='3.4.0'
GRAPHICS_DISABLED_FALSE=''
GRAPHICS_DISABLED_TRUE='#'
GREP='/bin/grep'
INSTALL_DATA='${INSTALL} -m 644'
INSTALL_PROGRAM='${INSTALL}'
INSTALL_SCRIPT='${INSTALL}'
INSTALL_STRIP_PROGRAM='$(install_sh) -c -s'
LD='/usr/bin/ld -m elf_x86_64'
LDFLAGS=''
LIBLEPT_HEADERSDIR='/usr/local/include /usr/include /opt/local/include/leptonica'
LIBOBJS=''
LIBS='-llept -lpthread '
LIBTOOL='$(SHELL) $(top_builddir)/libtool'
LIPO=''
LN_S='ln -s'
LTLIBOBJS=''
MAINT='#'
MAINTAINER_MODE_FALSE=''
MAINTAINER_MODE_TRUE='#'
MAKEINFO='${SHELL} /home/zhijian/Documents/Research/tesseract/config/missing makeinfo'
MANIFEST_TOOL=':'
MINGW_FALSE=''
MINGW_TRUE='#'
MKDIR_P='/bin/mkdir -p'
NM='/usr/bin/nm -B'
NMEDIT=''
NO_CUBE_BUILD_FALSE=''
NO_CUBE_BUILD_TRUE='#'
NO_TESSDATA_PREFIX_FALSE=''
NO_TESSDATA_PREFIX_TRUE='#'
OBJDUMP='objdump'
OBJEXT='o'
OPENCL_HDR_PATH=''
OPENCL_LIB=''
OPENMP_CFLAGS='-fopenmp'
OPENMP_FALSE='#'
OPENMP_TRUE=''
OSX_FALSE=''
OSX_TRUE='#'
OTOOL64=''
OTOOL=''
PACKAGE='tesseract'
PACKAGE_BUGREPORT='https://github.com/tesseract-ocr/tesseract/issues'
PACKAGE_DATE='07/11'
PACKAGE_NAME='tesseract'
PACKAGE_STRING='tesseract 3.05.00dev'
PACKAGE_TARNAME='tesseract'
PACKAGE_URL=''
PACKAGE_VERSION='3.05.00dev'
PACKAGE_YEAR='2015'
PATH_SEPARATOR=':'
RANLIB='ranlib'
SED='/bin/sed'
SET_MAKE=''
SHELL='/bin/bash'
STRIP='strip'
T_WIN_FALSE=''
T_WIN_TRUE='#'
USE_OPENCL_FALSE=''
USE_OPENCL_TRUE='#'
USING_MULTIPLELIBS_FALSE=''
USING_MULTIPLELIBS_TRUE='#'
VERSION='3.05.00dev'
VISIBILITY_FALSE=''
VISIBILITY_TRUE='#'
ac_ct_AR='ar'
ac_ct_CC='gcc'
ac_ct_CXX='g++'
ac_ct_DUMPBIN=''
am__EXEEXT_FALSE=''
am__EXEEXT_TRUE='#'
am__fastdepCC_FALSE='#'
am__fastdepCC_TRUE=''
am__fastdepCXX_FALSE='#'
am__fastdepCXX_TRUE=''
am__include='include'
am__isrc=''
am__leading_dot='.'
am__nodep='_no'
am__quote=''
am__tar='$${TAR-tar} chof - "$$tardir"'
am__untar='$${TAR-tar} xf -'
bindir='${exec_prefix}/bin'
build='x86_64-unknown-linux-gnu'
build_alias=''
build_cpu='x86_64'
build_os='linux-gnu'
build_vendor='unknown'
datadir='${datarootdir}'
datarootdir='${prefix}/share'
docdir='${datarootdir}/doc/${PACKAGE_TARNAME}'
dvidir='${docdir}'
exec_prefix='${prefix}'
host='x86_64-unknown-linux-gnu'
host_alias=''
host_cpu='x86_64'
host_os='linux-gnu'
host_vendor='unknown'
htmldir='${docdir}'
includedir='${prefix}/include/tesseract'
infodir='${datarootdir}/info'
install_sh='${SHELL} /home/zhijian/Documents/Research/tesseract/config/install-sh'
libdir='${exec_prefix}/lib'
libexecdir='${exec_prefix}/libexec'
localedir='${datarootdir}/locale'
localstatedir='${prefix}/var'
mandir='${datarootdir}/man'
mkdir_p='$(MKDIR_P)'
oldincludedir='/usr/include'
pdfdir='${docdir}'
prefix='/usr/local'
program_transform_name='s,x,x,'
psdir='${docdir}'
sbindir='${exec_prefix}/sbin'
sharedstatedir='${prefix}/com'
sysconfdir='${prefix}/etc'
target_alias=''

## ----------- ##
## confdefs.h. ##
## ----------- ##

/* confdefs.h */
#define PACKAGE_NAME "tesseract"
#define PACKAGE_TARNAME "tesseract"
#define PACKAGE_VERSION "3.05.00dev"
#define PACKAGE_STRING "tesseract 3.05.00dev"
#define PACKAGE_BUGREPORT "https://github.com/tesseract-ocr/tesseract/issues"
#define PACKAGE_URL ""
#define GIT_REV "3.05.00dev-34-g252d9a4"
#define PACKAGE_NAME "tesseract"
#define PACKAGE_VERSION "3.05.00dev"
#define PACKAGE_YEAR "2015"
#define PACKAGE_DATE "07/11"
#define PACKAGE "tesseract"
#define VERSION "3.05.00dev"
#define OPENMP /**/
#define STDC_HEADERS 1
#define HAVE_SYS_TYPES_H 1
#define HAVE_SYS_STAT_H 1
#define HAVE_STDLIB_H 1
#define HAVE_STRING_H 1
#define HAVE_MEMORY_H 1
#define HAVE_STRINGS_H 1
#define HAVE_INTTYPES_H 1
#define HAVE_STDINT_H 1
#define HAVE_UNISTD_H 1
#define HAVE_DLFCN_H 1
#define LT_OBJDIR ".libs/"
#define HAVE_SNPRINTF 1
#define STDC_HEADERS 1
#define TIME_WITH_SYS_TIME 1
#define HAVE_SYS_WAIT_H 1
#define HAVE_SYS_IPC_H 1
#define HAVE_SYS_SHM_H 1
#define HAVE_LIMITS_H 1
#define HAVE_MALLOC_H 1
#define HAVE_STDBOOL_H 1
#define HAVE_GETLINE 1
#define HAVE_WCHAR_T 1
#define HAVE_LONG_LONG_INT 1
#define HAVE_MBSTATE_T 1
#define HAVE_LIBLEPT 1
#define HAVE_UNICODE_UCHAR_H 1
#define HAVE_PANGO_1_0_PANGO_PANGO_FEATURES_H 1
#define HAVE_CAIRO_CAIRO_VERSION_H 1

configure: exit 0
